  main.cpp
C:\libraries\fungal-ui\include\fui\ui.h(75,5): warning C5030: attribute 'blocking' is not recognized
C:\libraries\fungal-ui\include\fui\ui.h(75,5): warning C5222: 'blocking': all unscoped attribute names are reserved for future standardization
C:\libraries\fungal-ui\include\fui\controls\multiselect.h(27,2): warning C4250: 'fungal::multiselect': inherits 'fungal::input_control<std::vector<bool,std::allocator<bool>>>::fungal::input_control<std::vector<bool,std::allocator<bool>>>::_on_enter' via dominance
C:\libraries\fungal-ui\include\fui\input_control.h(32): message : see declaration of 'fungal::input_control<std::vector<bool,std::allocator<bool>>>::_on_enter'
C:\libraries\fungal-ui\include\fui\controls\multiselect.h(27,2): warning C4250: 'fungal::multiselect': inherits 'fungal::input_control<std::vector<bool,std::allocator<bool>>>::fungal::input_control<std::vector<bool,std::allocator<bool>>>::_on_update' via dominance
C:\libraries\fungal-ui\include\fui\input_control.h(41): message : see declaration of 'fungal::input_control<std::vector<bool,std::allocator<bool>>>::_on_update'
C:\libraries\fungal-ui\include\fui\controls\multiselect.h(27,2): warning C4250: 'fungal::multiselect': inherits 'fungal::container_control::fungal::container_control::_update_body' via dominance
C:\libraries\fungal-ui\include\fui\container_control.h(79): message : see declaration of 'fungal::container_control::_update_body'
C:\libraries\fungal-ui\include\fui\controls\multiselect.h(27,2): warning C4250: 'fungal::multiselect': inherits 'fungal::container_control::fungal::container_control::_on_key_down' via dominance
C:\libraries\fungal-ui\include\fui\container_control.h(78): message : see declaration of 'fungal::container_control::_on_key_down'
C:\libraries\fungal-ui\include\fui\controls\multiselect.h(27,2): warning C4250: 'fungal::multiselect': inherits 'fungal::container_control::fungal::container_control::_invalidate' via dominance
C:\libraries\fungal-ui\include\fui\container_control.h(80): message : see declaration of 'fungal::container_control::_invalidate'
C:\libraries\fungal-ui\include\fui\controls\multiselect.h(27,2): warning C4250: 'fungal::multiselect': inherits 'fungal::input_control<std::vector<bool,std::allocator<bool>>>::fungal::input_control<std::vector<bool,std::allocator<bool>>>::reset' via dominance
C:\libraries\fungal-ui\include\fui\input_control.h(69): message : see declaration of 'fungal::input_control<std::vector<bool,std::allocator<bool>>>::reset'
C:\libraries\fungal-ui\include\fui\controls\radioselect.h(43,2): warning C4250: 'fungal::radioselect': inherits 'fungal::input_control<fungal::radiobutton *>::fungal::input_control<fungal::radiobutton *>::_on_enter' via dominance
C:\libraries\fungal-ui\include\fui\input_control.h(32): message : see declaration of 'fungal::input_control<fungal::radiobutton *>::_on_enter'
C:\libraries\fungal-ui\include\fui\controls\radioselect.h(43,2): warning C4250: 'fungal::radioselect': inherits 'fungal::input_control<fungal::radiobutton *>::fungal::input_control<fungal::radiobutton *>::_on_update' via dominance
C:\libraries\fungal-ui\include\fui\input_control.h(41): message : see declaration of 'fungal::input_control<fungal::radiobutton *>::_on_update'
C:\libraries\fungal-ui\include\fui\controls\radioselect.h(43,2): warning C4250: 'fungal::radioselect': inherits 'fungal::container_control::fungal::container_control::_update_body' via dominance
C:\libraries\fungal-ui\include\fui\container_control.h(79): message : see declaration of 'fungal::container_control::_update_body'
C:\libraries\fungal-ui\include\fui\controls\radioselect.h(43,2): warning C4250: 'fungal::radioselect': inherits 'fungal::container_control::fungal::container_control::_on_key_down' via dominance
C:\libraries\fungal-ui\include\fui\container_control.h(78): message : see declaration of 'fungal::container_control::_on_key_down'
C:\libraries\fungal-ui\include\fui\controls\radioselect.h(43,2): warning C4250: 'fungal::radioselect': inherits 'fungal::container_control::fungal::container_control::_invalidate' via dominance
C:\libraries\fungal-ui\include\fui\container_control.h(80): message : see declaration of 'fungal::container_control::_invalidate'
  Generating code
  Previous IPDB not found, fall back to full compilation.
D:\Programming\source\Fungal UI\src\ui.cpp(7): warning C4722: 'fungal::fui_main::~fui_main': destructor never returns, potential memory leak
  All 596 functions were compiled because no usable IPDB/IOBJ from previous compilation was found.
  Finished generating code
fui.lib(ui.obj) : warning LNK4099: PDB 'fui.pdb' was not found with 'fui.lib(ui.obj)' or at 'C:\Users\andre\OneDrive\Documents\Visual Studio 2022\databaselogin\Release\fui.pdb'; linking object as if no debug info
fui.lib(button.obj) : warning LNK4099: PDB 'fui.pdb' was not found with 'fui.lib(button.obj)' or at 'C:\Users\andre\OneDrive\Documents\Visual Studio 2022\databaselogin\Release\fui.pdb'; linking object as if no debug info
fui.lib(pch.obj) : warning LNK4099: PDB 'fui.pdb' was not found with 'fui.lib(pch.obj)' or at 'C:\Users\andre\OneDrive\Documents\Visual Studio 2022\databaselogin\Release\fui.pdb'; linking object as if no debug info
fui.lib(control_body.obj) : warning LNK4099: PDB 'fui.pdb' was not found with 'fui.lib(control_body.obj)' or at 'C:\Users\andre\OneDrive\Documents\Visual Studio 2022\databaselogin\Release\fui.pdb'; linking object as if no debug info
fui.lib(control.obj) : warning LNK4099: PDB 'fui.pdb' was not found with 'fui.lib(control.obj)' or at 'C:\Users\andre\OneDrive\Documents\Visual Studio 2022\databaselogin\Release\fui.pdb'; linking object as if no debug info
fui.lib(container_control.obj) : warning LNK4099: PDB 'fui.pdb' was not found with 'fui.lib(container_control.obj)' or at 'C:\Users\andre\OneDrive\Documents\Visual Studio 2022\databaselogin\Release\fui.pdb'; linking object as if no debug info
  databaselogin.vcxproj -> C:\Users\andre\OneDrive\Documents\Visual Studio 2022\databaselogin\Release\databaselogin.exe
